#
# There is insufficient memory for the Java Runtime Environment to continue.
# Native memory allocation (mmap) failed to map 266338304 bytes for Failed to commit area from 0x0000000702600000 to 0x0000000712400000 of length 266338304.
# Possible reasons:
#   The system is out of physical RAM or swap space
#   The process is running with CompressedOops enabled, and the Java Heap may be blocking the growth of the native heap
# Possible solutions:
#   Reduce memory load on the system
#   Increase physical memory or swap space
#   Check if swap backing store is full
#   Decrease Java heap size (-Xmx/-Xms)
#   Decrease number of Java threads
#   Decrease Java thread stack sizes (-Xss)
#   Set larger code cache with -XX:ReservedCodeCacheSize=
# This output file may be truncated or incomplete.
#
#  Out of Memory Error (./src/hotspot/os/windows/os_windows.cpp:3511), pid=127532, tid=95392
#
# JRE version:  (11.0.11+9) (build )
# Java VM: OpenJDK 64-Bit Server VM (11.0.11+9-b1504.16, mixed mode, sharing, tiered, compressed oops, g1 gc, windows-amd64)
# No core dump will be written. Minidumps are not enabled by default on client versions of Windows
#

---------------  S U M M A R Y ------------

Command Line: git4idea.http.GitAskPassApp Username for 'https://github.com': 

Host: Intel(R) Core(TM) i7-8750H CPU @ 2.20GHz, 12 cores, 15G,  Windows 10 , 64 bit Build 22000 (10.0.22000.434)
Time: Sun Feb 27 22:41:57 2022 AUS Eastern Daylight Time elapsed time: 0.013885 seconds (0d 0h 0m 0s)

---------------  T H R E A D  ---------------

Current thread (0x000001e46cd9f000):  JavaThread "Unknown thread" [_thread_in_vm, id=95392, stack(0x0000009248300000,0x0000009248400000)]

Stack: [0x0000009248300000,0x0000009248400000]
Native frames: (J=compiled Java code, j=interpreted, Vv=VM code, C=native code)
V  [jvm.dll+0x5f5d5a]
V  [jvm.dll+0x7798b5]
V  [jvm.dll+0x77aecd]
V  [jvm.dll+0x77b583]
V  [jvm.dll+0x244978]
V  [jvm.dll+0x5f3174]
V  [jvm.dll+0x5e7d55]
V  [jvm.dll+0x30068b]
V  [jvm.dll+0x3005fa]
V  [jvm.dll+0x3004d2]
V  [jvm.dll+0x3053c6]
V  [jvm.dll+0x34e0a3]
V  [jvm.dll+0x34e7a6]
V  [jvm.dll+0x34e1a3]
V  [jvm.dll+0x2db0c8]
V  [jvm.dll+0x2dc267]
V  [jvm.dll+0x758057]
V  [jvm.dll+0x75984c]
V  [jvm.dll+0x35b659]
V  [jvm.dll+0x73b67e]
V  [jvm.dll+0x3c39f3]
V  [jvm.dll+0x3c5dd1]
C  [jli.dll+0x5373]
C  [ucrtbase.dll+0x26c0c]
C  [KERNEL32.DLL+0x154e0]
C  [ntdll.dll+0x485b]


---------------  P R O C E S S  ---------------

Threads class SMR info:
_java_thread_list=0x000001e46aab4010, length=0, elements={
}

Java Threads: ( => current thread )

Other Threads:
  0x000001e46cdb9000 GCTaskThread "GC Thread#0" [stack: 0x0000009248400000,0x0000009248500000] [id=29620]
  0x000001e46ce16800 ConcurrentGCThread "G1 Main Marker" [stack: 0x0000009248500000,0x0000009248600000] [id=114608]
  0x000001e46ce18000 ConcurrentGCThread "G1 Conc#0" [stack: 0x0000009248600000,0x0000009248700000] [id=72436]

[error occurred during error reporting (printing all threads), id 0xc0000005, EXCEPTION_ACCESS_VIOLATION (0xc0000005) at pc=0x00007ff9300ab8f7]

VM state:not at safepoint (not fully initialized)

VM Mutex/Monitor currently owned by a thread:  ([mutex/lock_event])
[0x000001e46cd9b7a0] Heap_lock - owner thread: 0x000001e46cd9f000

Heap address: 0x0000000702600000, size: 4058 MB, Compressed Oops mode: Non-zero based: 0x0000000702600000
Narrow klass base: 0x0000000000000000, Narrow klass shift: 0

GC Heap History (0 events):
No events

Deoptimization events (0 events):
No events

Classes redefined (0 events):
No events

Internal exceptions (0 events):
No events

Events (1 events):
Event: 0.007 Loaded shared library C:\Program Files\JetBrains\PyCharm 2021.2.1\jbr\bin\zip.dll


Dynamic libraries:
0x00007ff65ea60000 - 0x00007ff65ea6a000 	C:\Program Files\JetBrains\PyCharm 2021.2.1\jbr\bin\java.exe
0x00007ff9e8100000 - 0x00007ff9e8309000 	C:\WINDOWS\SYSTEM32\ntdll.dll
0x00007ff9e6ee0000 - 0x00007ff9e6f9d000 	C:\WINDOWS\System32\KERNEL32.DLL
0x00007ff9e57d0000 - 0x00007ff9e5b44000 	C:\WINDOWS\System32\KERNELBASE.dll
0x000000005e9b0000 - 0x000000005ea43000 	C:\WINDOWS\System32\SYSFER.DLL
0x00007ff9e5bc0000 - 0x00007ff9e5cd1000 	C:\WINDOWS\System32\ucrtbase.dll
0x00007ff9d3000000 - 0x00007ff9d3019000 	C:\Program Files\JetBrains\PyCharm 2021.2.1\jbr\bin\jli.dll
0x00007ff9d2fe0000 - 0x00007ff9d2ff7000 	C:\Program Files\JetBrains\PyCharm 2021.2.1\jbr\bin\VCRUNTIME140.dll
0x00007ff9e64f0000 - 0x00007ff9e669c000 	C:\WINDOWS\System32\USER32.dll
0x00007ff9e5ce0000 - 0x00007ff9e5d06000 	C:\WINDOWS\System32\win32u.dll
0x00007ff9c9980000 - 0x00007ff9c9c25000 	C:\WINDOWS\WinSxS\amd64_microsoft.windows.common-controls_6595b64144ccf1df_6.0.22000.120_none_9d947278b86cc467\COMCTL32.dll
0x00007ff9e66e0000 - 0x00007ff9e6709000 	C:\WINDOWS\System32\GDI32.dll
0x00007ff9e7500000 - 0x00007ff9e75a3000 	C:\WINDOWS\System32\msvcrt.dll
0x00007ff9e5d10000 - 0x00007ff9e5e22000 	C:\WINDOWS\System32\gdi32full.dll
0x00007ff9e55f0000 - 0x00007ff9e568d000 	C:\WINDOWS\System32\msvcp_win.dll
0x00007ff9e66a0000 - 0x00007ff9e66d1000 	C:\WINDOWS\System32\IMM32.DLL
0x00007ff9a52a0000 - 0x00007ff9a533d000 	C:\Program Files\JetBrains\PyCharm 2021.2.1\jbr\bin\msvcp140.dll
0x00007ff92fdc0000 - 0x00007ff93090a000 	C:\Program Files\JetBrains\PyCharm 2021.2.1\jbr\bin\server\jvm.dll
0x00007ff9e7f60000 - 0x00007ff9e800e000 	C:\WINDOWS\System32\ADVAPI32.dll
0x00007ff9e7440000 - 0x00007ff9e74de000 	C:\WINDOWS\System32\sechost.dll
0x00007ff9e7050000 - 0x00007ff9e7170000 	C:\WINDOWS\System32\RPCRT4.dll
0x00007ff9e73b0000 - 0x00007ff9e73b8000 	C:\WINDOWS\System32\PSAPI.DLL
0x00007ff9cb860000 - 0x00007ff9cb869000 	C:\WINDOWS\SYSTEM32\WSOCK32.dll
0x00007ff9e6be0000 - 0x00007ff9e6c4f000 	C:\WINDOWS\System32\WS2_32.dll
0x00007ff9dfd00000 - 0x00007ff9dfd33000 	C:\WINDOWS\SYSTEM32\WINMM.dll
0x00007ff9df4c0000 - 0x00007ff9df4ca000 	C:\WINDOWS\SYSTEM32\VERSION.dll
0x00007ff9e47e0000 - 0x00007ff9e47f8000 	C:\WINDOWS\SYSTEM32\kernel.appcore.dll
0x00007ff9e2250000 - 0x00007ff9e2261000 	C:\Program Files\JetBrains\PyCharm 2021.2.1\jbr\bin\verify.dll
0x00007ff9d3020000 - 0x00007ff9d3241000 	C:\WINDOWS\SYSTEM32\DBGHELP.DLL
0x00007ff9c9fb0000 - 0x00007ff9c9fe1000 	C:\WINDOWS\SYSTEM32\dbgcore.DLL
0x00007ff9e5750000 - 0x00007ff9e57cf000 	C:\WINDOWS\System32\bcryptPrimitives.dll
0x00007ff9e0090000 - 0x00007ff9e00b9000 	C:\Program Files\JetBrains\PyCharm 2021.2.1\jbr\bin\java.dll
0x00007ff9e2240000 - 0x00007ff9e224b000 	C:\Program Files\JetBrains\PyCharm 2021.2.1\jbr\bin\jimage.dll
0x00007ff9e0070000 - 0x00007ff9e0088000 	C:\Program Files\JetBrains\PyCharm 2021.2.1\jbr\bin\zip.dll

dbghelp: loaded successfully - version: 4.0.5 - missing functions: none
symbol engine: initialized successfully - sym options: 0x614 - pdb path: .;C:\Program Files\JetBrains\PyCharm 2021.2.1\jbr\bin;C:\WINDOWS\SYSTEM32;C:\WINDOWS\WinSxS\amd64_microsoft.windows.common-controls_6595b64144ccf1df_6.0.22000.120_none_9d947278b86cc467;C:\Program Files\JetBrains\PyCharm 2021.2.1\jbr\bin\server

VM Arguments:
java_command: git4idea.http.GitAskPassApp Username for 'https://github.com': 
java_class_path (initial): C:/Program Files/JetBrains/PyCharm 2021.2.1/plugins/git4idea/lib/git4idea-rt.jar;C:/Program Files/JetBrains/PyCharm 2021.2.1/lib/3rd-party.jar
Launcher Type: SUN_STANDARD

[Global flags]
     intx CICompilerCount                          = 4                                         {product} {ergonomic}
     uint ConcGCThreads                            = 3                                         {product} {ergonomic}
     uint G1ConcRefinementThreads                  = 10                                        {product} {ergonomic}
   size_t G1HeapRegionSize                         = 1048576                                   {product} {ergonomic}
    uintx GCDrainStackTargetSize                   = 64                                        {product} {ergonomic}
   size_t InitialHeapSize                          = 266338304                                 {product} {ergonomic}
   size_t MarkStackSize                            = 4194304                                   {product} {ergonomic}
   size_t MaxHeapSize                              = 4255121408                                {product} {ergonomic}
   size_t MinHeapDeltaBytes                        = 1048576                                   {product} {ergonomic}
    uintx NonNMethodCodeHeapSize                   = 5836300                                {pd product} {ergonomic}
    uintx NonProfiledCodeHeapSize                  = 122910970                              {pd product} {ergonomic}
    uintx ProfiledCodeHeapSize                     = 122910970                              {pd product} {ergonomic}
    uintx ReservedCodeCacheSize                    = 251658240                              {pd product} {ergonomic}
     bool SegmentedCodeCache                       = true                                      {product} {ergonomic}
     bool UseCompressedClassPointers               = true                                 {lp64_product} {ergonomic}
     bool UseCompressedOops                        = true                                 {lp64_product} {ergonomic}
     bool UseG1GC                                  = true                                      {product} {ergonomic}
     bool UseLargePagesIndividualAllocation        = false                                  {pd product} {ergonomic}

Logging:
Log output configuration:
 #0: stdout all=warning uptime,level,tags
 #1: stderr all=off uptime,level,tags

Environment Variables:
PATH=C:\Program Files\Git\mingw64\libexec\git-core;C:\Program Files\Git\mingw64\libexec\git-core;C:\Program Files\Git\mingw64\bin;C:\Program Files\Git\usr\bin;C:\Users\Phillip\bin;D:\Suncable\PycharmProjects\sizing-costing-model\venv\Scripts;C:\Program Files (x86)\Common Files\Oracle\Java\javapath;C:\Program Files (x86)\Intel\Intel(R) Management Engine Components\iCLS;C:\Program Files\Intel\Intel(R) Management Engine Components\iCLS;C:\Windows\system32;C:\Windows;C:\Windows\System32\Wbem;C:\Windows\System32\WindowsPowerShell\v1.0;C:\Program Files (x86)\Intel\Intel(R) Management Engine Components\DAL;C:\Program Files\Intel\Intel(R) Management Engine Components\DAL;C:\Program Files (x86)\Intel\Intel(R) Management Engine Components\IPT;C:\Program Files\Intel\Intel(R) Management Engine Components\IPT;C:\Program Files (x86)\NVIDIA Corporation\PhysX\Common;C:\WINDOWS\system32;C:\WINDOWS;C:\WINDOWS\System32\Wbem;C:\WINDOWS\System32\WindowsPowerShell\v1.0;C:\WINDOWS\System32\OpenSSH;C:\Program Files\Intel\WiFi\bin;C:\Program Files\Common Files\Intel\WirelessCommon;C:\Program Files\MATLAB\R2018b\bin;C:\Program Files\PuTTY;C:\Program Files\NVIDIA Corporation\NVIDIA NvDLISR;C:\Program Files\Calibre2;C:\WINDOWS\system32;C:\WINDOWS;C:\WINDOWS\System32\Wbem;C:\WINDOWS\System32\WindowsPowerShell\v1.0;C:\WINDOWS\System32\OpenSSH;C:\Program Files\Git\cmd;C:\Users\Phillip\AppData\Local\Programs\Python\Python310\Scripts;C:\Users\Phillip\AppData\Local\Programs\Python\Python310;C:\Users\Phillip\.poetry\bin;C:\Users\Phillip\AppData\Local\Microsoft\WindowsApps;C:\Users\Phillip\AppData\Local\GitHubDesktop\bin
USERNAME=Phillip
DISPLAY=:0.0
LC_ALL=en_US.UTF-8
OS=Windows_NT
PROCESSOR_IDENTIFIER=Intel64 Family 6 Model 158 Stepping 10, GenuineIntel



---------------  S Y S T E M  ---------------

OS: Windows 10 , 64 bit Build 22000 (10.0.22000.434)
OS uptime: 3 days 13:44 hours

CPU:total 12 (initial active 12) (6 cores per cpu, 2 threads per core) family 6 model 158 stepping 10 microcode 0xde, cmov, cx8, fxsr, mmx, sse, sse2, sse3, ssse3, sse4.1, sse4.2, popcnt, avx, avx2, aes, clmul, erms, 3dnowpref, lzcnt, ht, tsc, tscinvbit, bmi1, bmi2, adx, fma

Memory: 4k page, system-wide physical 16226M (1614M free)
TotalPageFile size 31346M (AvailPageFile size 12M)
current process WorkingSet (physical memory assigned to process): 11M, peak: 11M
current process commit charge ("private bytes"): 65M, peak: 319M

vm_info: OpenJDK 64-Bit Server VM (11.0.11+9-b1504.16) for windows-amd64 JRE (11.0.11+9-b1504.16), built on Aug  9 2021 01:34:19 by "" with MS VC++ 14.0 (VS2015)

END.
